Base path: 'C:/Program Files/Unity 2019.4.38f1/Editor/Data', plugins path 'C:/Program Files/Unity 2019.4.38f1/Editor/Data/PlaybackEngines'
Cmd: initializeCompiler
Cmd: compileComputeKernel
  api=4 insize=722 outsize=647 ok=1
Cmd: compileComputeKernel
  api=4 insize=1020 outsize=597 ok=1
Cmd: compileComputeKernel
  error: 2 plat 4 at Texture.compute(16): syntax error: unexpected token 'id'
  error: 1 plat 4 at Texture.compute(19): implicit truncation of vector type
  error: 1 plat 4 at Texture.compute(26): implicit truncation of vector type
  api=4 insize=807 outsize=0 ok=0
Cmd: compileComputeKernel
  error: 1 plat 4 at Texture.compute(19): implicit truncation of vector type
  error: 1 plat 4 at Texture.compute(26): implicit truncation of vector type
  error: 1 plat 4 at Texture.compute(29): integer divides may be much slower, try using uints if possible.
  api=4 insize=880 outsize=851 ok=1
Cmd: compileComputeKernel
  error: 1 plat 4 at Texture.compute(19): implicit truncation of vector type
  error: 1 plat 4 at Texture.compute(26): implicit truncation of vector type
  error: 1 plat 4 at Texture.compute(29): integer divides may be much slower, try using uints if possible.
  api=4 insize=870 outsize=851 ok=1
Cmd: compileComputeKernel
  error: 1 plat 4 at Texture.compute(19): implicit truncation of vector type
  error: 1 plat 4 at Texture.compute(30): integer divides may be much slower, try using uints if possible.
  api=4 insize=884 outsize=819 ok=1
Cmd: compileComputeKernel
  error: 1 plat 4 at Texture.compute(19): implicit truncation of vector type
  error: 1 plat 4 at Texture.compute(30): integer divides may be much slower, try using uints if possible.
  api=4 insize=886 outsize=819 ok=1
Cmd: shutdown
